{"contracts/interfaces/ISmartInvoice.sol":{"l":{},"path":"/media/dhiraj/code/raidguild/smart-escrow/packages/contracts/contracts/interfaces/ISmartInvoice.sol","s":{},"b":{},"f":{},"fnMap":{},"statementMap":{},"branchMap":{}},"contracts/interfaces/ISmartInvoiceFactory.sol":{"l":{},"path":"/media/dhiraj/code/raidguild/smart-escrow/packages/contracts/contracts/interfaces/ISmartInvoiceFactory.sol","s":{},"b":{},"f":{},"fnMap":{},"statementMap":{},"branchMap":{}},"contracts/interfaces/IWrappedInvoice.sol":{"l":{},"path":"/media/dhiraj/code/raidguild/smart-escrow/packages/contracts/contracts/interfaces/IWrappedInvoice.sol","s":{},"b":{},"f":{},"fnMap":{},"statementMap":{},"branchMap":{}},"contracts/interfaces/IWrappedInvoiceFactory.sol":{"l":{},"path":"/media/dhiraj/code/raidguild/smart-escrow/packages/contracts/contracts/interfaces/IWrappedInvoiceFactory.sol","s":{},"b":{},"f":{},"fnMap":{},"statementMap":{},"branchMap":{}},"contracts/WrappedInvoice.sol":{"l":{"43":14,"44":9,"56":36,"57":35,"58":34,"59":33,"63":32,"65":31,"66":31,"67":31,"69":31,"71":31,"75":7,"76":7,"78":6,"79":6,"81":6,"82":5,"84":6,"85":5,"88":6,"92":1,"93":1,"97":1,"98":1,"102":2,"110":3,"119":8,"123":7,"124":7,"125":13,"127":7,"128":7,"129":7,"130":6,"131":6,"133":5,"134":4,"136":5,"137":10,"140":5,"147":4,"148":4,"156":1,"157":1,"165":2,"174":1,"178":1},"path":"/media/dhiraj/code/raidguild/smart-escrow/packages/contracts/contracts/WrappedInvoice.sol","s":{"1":14,"2":36,"3":35,"4":34,"5":33,"6":32,"7":31,"8":31,"9":31,"10":31,"11":31,"12":7,"13":7,"14":6,"15":6,"16":6,"17":5,"18":6,"19":5,"20":6,"21":1,"22":1,"23":1,"24":1,"25":2,"26":3,"27":8,"28":7,"29":7,"30":13,"31":7,"32":7,"33":7,"34":6,"35":6,"36":5,"37":4,"38":5,"39":10,"40":5,"41":4,"42":4,"43":1,"44":1,"45":2,"46":1,"47":1},"b":{"1":[9,5],"2":[35,1],"3":[34,1],"4":[33,1],"5":[32,1],"6":[31,1],"7":[6,1],"8":[5,1],"9":[5,1],"10":[7,1],"11":[6,1],"12":[5,1],"13":[4,1]},"f":{"1":14,"2":1,"3":36,"4":7,"5":1,"6":1,"7":2,"8":3,"9":8,"10":4,"11":1,"12":2,"13":1,"14":1},"fnMap":{"1":{"name":"onlyRaider","line":42,"loc":{"start":{"line":42,"column":4},"end":{"line":45,"column":4}}},"2":{"name":"initLock","line":48,"loc":{"start":{"line":48,"column":4},"end":{"line":48,"column":46}}},"3":{"name":"init","line":55,"loc":{"start":{"line":50,"column":4},"end":{"line":72,"column":4}}},"4":{"name":"_withdraw","line":74,"loc":{"start":{"line":74,"column":4},"end":{"line":89,"column":4}}},"5":{"name":"withdrawAll","line":91,"loc":{"start":{"line":91,"column":4},"end":{"line":94,"column":4}}},"6":{"name":"withdrawAll","line":96,"loc":{"start":{"line":96,"column":4},"end":{"line":99,"column":4}}},"7":{"name":"withdraw","line":101,"loc":{"start":{"line":101,"column":4},"end":{"line":103,"column":4}}},"8":{"name":"withdraw","line":108,"loc":{"start":{"line":105,"column":4},"end":{"line":111,"column":4}}},"9":{"name":"_disperse","line":113,"loc":{"start":{"line":113,"column":4},"end":{"line":141,"column":4}}},"10":{"name":"disperseAll","line":146,"loc":{"start":{"line":143,"column":4},"end":{"line":149,"column":4}}},"11":{"name":"disperseAll","line":155,"loc":{"start":{"line":151,"column":4},"end":{"line":158,"column":4}}},"12":{"name":"disperse","line":164,"loc":{"start":{"line":160,"column":4},"end":{"line":166,"column":4}}},"13":{"name":"disperse","line":173,"loc":{"start":{"line":168,"column":4},"end":{"line":175,"column":4}}},"14":{"name":"lock","line":177,"loc":{"start":{"line":177,"column":4},"end":{"line":179,"column":4}}}},"statementMap":{"1":{"start":{"line":43,"column":8},"end":{"line":43,"column":74}},"2":{"start":{"line":56,"column":8},"end":{"line":56,"column":55}},"3":{"start":{"line":57,"column":8},"end":{"line":57,"column":53}},"4":{"start":{"line":58,"column":8},"end":{"line":58,"column":57}},"5":{"start":{"line":59,"column":8},"end":{"line":59,"column":1852}},"6":{"start":{"line":63,"column":8},"end":{"line":63,"column":49}},"7":{"start":{"line":65,"column":8},"end":{"line":65,"column":23}},"8":{"start":{"line":66,"column":8},"end":{"line":66,"column":21}},"9":{"start":{"line":67,"column":8},"end":{"line":67,"column":40}},"10":{"start":{"line":69,"column":8},"end":{"line":69,"column":33}},"11":{"start":{"line":71,"column":8},"end":{"line":71,"column":30}},"12":{"start":{"line":75,"column":8},"end":{"line":75,"column":65}},"13":{"start":{"line":76,"column":8},"end":{"line":76,"column":56}},"14":{"start":{"line":78,"column":8},"end":{"line":78,"column":51}},"15":{"start":{"line":79,"column":8},"end":{"line":79,"column":50}},"16":{"start":{"line":81,"column":8},"end":{"line":81,"column":2508}},"17":{"start":{"line":82,"column":12},"end":{"line":82,"column":59}},"18":{"start":{"line":84,"column":8},"end":{"line":84,"column":2611}},"19":{"start":{"line":85,"column":12},"end":{"line":85,"column":57}},"20":{"start":{"line":88,"column":8},"end":{"line":88,"column":54}},"21":{"start":{"line":92,"column":8},"end":{"line":92,"column":64}},"22":{"start":{"line":93,"column":8},"end":{"line":93,"column":32}},"23":{"start":{"line":97,"column":8},"end":{"line":97,"column":65}},"24":{"start":{"line":98,"column":8},"end":{"line":98,"column":33}},"25":{"start":{"line":102,"column":8},"end":{"line":102,"column":32}},"26":{"start":{"line":110,"column":8},"end":{"line":110,"column":33}},"27":{"start":{"line":119,"column":8},"end":{"line":119,"column":3563}},"28":{"start":{"line":123,"column":8},"end":{"line":123,"column":25}},"29":{"start":{"line":124,"column":8},"end":{"line":124,"column":3713}},"30":{"start":{"line":125,"column":12},"end":{"line":125,"column":31}},"31":{"start":{"line":127,"column":8},"end":{"line":127,"column":51}},"32":{"start":{"line":128,"column":8},"end":{"line":128,"column":50}},"33":{"start":{"line":129,"column":8},"end":{"line":129,"column":58}},"34":{"start":{"line":130,"column":8},"end":{"line":130,"column":65}},"35":{"start":{"line":131,"column":8},"end":{"line":131,"column":56}},"36":{"start":{"line":133,"column":8},"end":{"line":133,"column":4106}},"37":{"start":{"line":134,"column":12},"end":{"line":134,"column":59}},"38":{"start":{"line":136,"column":8},"end":{"line":136,"column":4209}},"39":{"start":{"line":137,"column":12},"end":{"line":137,"column":64}},"40":{"start":{"line":140,"column":8},"end":{"line":140,"column":62}},"41":{"start":{"line":147,"column":8},"end":{"line":147,"column":64}},"42":{"start":{"line":148,"column":8},"end":{"line":148,"column":52}},"43":{"start":{"line":156,"column":8},"end":{"line":156,"column":65}},"44":{"start":{"line":157,"column":8},"end":{"line":157,"column":53}},"45":{"start":{"line":165,"column":8},"end":{"line":165,"column":52}},"46":{"start":{"line":174,"column":8},"end":{"line":174,"column":53}},"47":{"start":{"line":178,"column":8},"end":{"line":178,"column":29}}},"branchMap":{"1":{"line":43,"type":"if","locations":[{"start":{"line":43,"column":8},"end":{"line":43,"column":8}},{"start":{"line":43,"column":8},"end":{"line":43,"column":8}}]},"2":{"line":56,"type":"if","locations":[{"start":{"line":56,"column":8},"end":{"line":56,"column":8}},{"start":{"line":56,"column":8},"end":{"line":56,"column":8}}]},"3":{"line":57,"type":"if","locations":[{"start":{"line":57,"column":8},"end":{"line":57,"column":8}},{"start":{"line":57,"column":8},"end":{"line":57,"column":8}}]},"4":{"line":58,"type":"if","locations":[{"start":{"line":58,"column":8},"end":{"line":58,"column":8}},{"start":{"line":58,"column":8},"end":{"line":58,"column":8}}]},"5":{"line":59,"type":"if","locations":[{"start":{"line":59,"column":8},"end":{"line":59,"column":8}},{"start":{"line":59,"column":8},"end":{"line":59,"column":8}}]},"6":{"line":63,"type":"if","locations":[{"start":{"line":63,"column":8},"end":{"line":63,"column":8}},{"start":{"line":63,"column":8},"end":{"line":63,"column":8}}]},"7":{"line":76,"type":"if","locations":[{"start":{"line":76,"column":8},"end":{"line":76,"column":8}},{"start":{"line":76,"column":8},"end":{"line":76,"column":8}}]},"8":{"line":81,"type":"if","locations":[{"start":{"line":81,"column":8},"end":{"line":81,"column":8}},{"start":{"line":81,"column":8},"end":{"line":81,"column":8}}]},"9":{"line":84,"type":"if","locations":[{"start":{"line":84,"column":8},"end":{"line":84,"column":8}},{"start":{"line":84,"column":8},"end":{"line":84,"column":8}}]},"10":{"line":119,"type":"if","locations":[{"start":{"line":119,"column":8},"end":{"line":119,"column":8}},{"start":{"line":119,"column":8},"end":{"line":119,"column":8}}]},"11":{"line":129,"type":"if","locations":[{"start":{"line":129,"column":8},"end":{"line":129,"column":8}},{"start":{"line":129,"column":8},"end":{"line":129,"column":8}}]},"12":{"line":131,"type":"if","locations":[{"start":{"line":131,"column":8},"end":{"line":131,"column":8}},{"start":{"line":131,"column":8},"end":{"line":131,"column":8}}]},"13":{"line":133,"type":"if","locations":[{"start":{"line":133,"column":8},"end":{"line":133,"column":8}},{"start":{"line":133,"column":8},"end":{"line":133,"column":8}}]}}},"contracts/WrappedInvoiceFactory.sol":{"l":{"20":17,"21":16,"25":15,"26":15,"33":1,"47":1,"50":1,"57":1,"58":1,"59":1,"61":1,"65":1,"97":2,"99":1,"101":1,"103":1,"104":1,"105":1,"106":1,"107":1,"108":1,"109":1,"110":1,"111":1,"114":1,"116":1,"117":1,"118":1,"119":1,"120":1,"123":1,"125":1,"129":1},"path":"/media/dhiraj/code/raidguild/smart-escrow/packages/contracts/contracts/WrappedInvoiceFactory.sol","s":{"1":17,"2":16,"3":15,"4":15,"5":1,"6":1,"7":1,"8":1,"9":1,"10":1,"11":1,"12":1,"13":2,"14":1,"15":1,"16":1,"17":1,"18":1,"19":1,"20":1,"21":1,"22":1,"23":1,"24":1,"25":1,"26":1,"27":1,"28":1,"29":1,"30":1,"31":1},"b":{"1":[16,1],"2":[15,1],"3":[1,1]},"f":{"1":17,"2":1,"3":1,"4":1,"5":2,"6":1},"fnMap":{"1":{"name":"constructor","line":19,"loc":{"start":{"line":19,"column":4},"end":{"line":27,"column":4}}},"2":{"name":"_createSmartInvoice","line":29,"loc":{"start":{"line":29,"column":4},"end":{"line":44,"column":4}}},"3":{"name":"_init","line":46,"loc":{"start":{"line":46,"column":4},"end":{"line":62,"column":4}}},"4":{"name":"_newClone","line":64,"loc":{"start":{"line":64,"column":4},"end":{"line":66,"column":4}}},"5":{"name":"create","line":86,"loc":{"start":{"line":86,"column":4},"end":{"line":126,"column":4}}},"6":{"name":"getInvoiceAddress","line":128,"loc":{"start":{"line":128,"column":4},"end":{"line":130,"column":4}}}},"statementMap":{"1":{"start":{"line":20,"column":8},"end":{"line":20,"column":71}},"2":{"start":{"line":21,"column":8},"end":{"line":21,"column":746}},"3":{"start":{"line":25,"column":8},"end":{"line":25,"column":39}},"4":{"start":{"line":26,"column":8},"end":{"line":26,"column":71}},"5":{"start":{"line":33,"column":8},"end":{"line":33,"column":1105}},"6":{"start":{"line":47,"column":8},"end":{"line":47,"column":1546}},"7":{"start":{"line":50,"column":8},"end":{"line":50,"column":1595}},"8":{"start":{"line":57,"column":8},"end":{"line":57,"column":40}},"9":{"start":{"line":58,"column":8},"end":{"line":58,"column":50}},"10":{"start":{"line":59,"column":8},"end":{"line":59,"column":38}},"11":{"start":{"line":61,"column":8},"end":{"line":61,"column":66}},"12":{"start":{"line":65,"column":8},"end":{"line":65,"column":43}},"13":{"start":{"line":97,"column":8},"end":{"line":97,"column":59}},"14":{"start":{"line":99,"column":8},"end":{"line":99,"column":44}},"15":{"start":{"line":101,"column":8},"end":{"line":101,"column":48}},"16":{"start":{"line":104,"column":12},"end":{"line":104,"column":44}},"17":{"start":{"line":105,"column":12},"end":{"line":105,"column":53}},"18":{"start":{"line":106,"column":12},"end":{"line":106,"column":56}},"19":{"start":{"line":107,"column":12},"end":{"line":107,"column":48}},"20":{"start":{"line":108,"column":12},"end":{"line":108,"column":42}},"21":{"start":{"line":109,"column":12},"end":{"line":109,"column":46}},"22":{"start":{"line":110,"column":12},"end":{"line":110,"column":62}},"23":{"start":{"line":111,"column":12},"end":{"line":111,"column":46}},"24":{"start":{"line":114,"column":8},"end":{"line":114,"column":52}},"25":{"start":{"line":117,"column":12},"end":{"line":117,"column":65}},"26":{"start":{"line":118,"column":12},"end":{"line":118,"column":61}},"27":{"start":{"line":119,"column":12},"end":{"line":119,"column":52}},"28":{"start":{"line":120,"column":12},"end":{"line":120,"column":56}},"29":{"start":{"line":123,"column":8},"end":{"line":123,"column":32}},"30":{"start":{"line":125,"column":8},"end":{"line":125,"column":29}},"31":{"start":{"line":129,"column":8},"end":{"line":129,"column":32}}},"branchMap":{"1":{"line":20,"type":"if","locations":[{"start":{"line":20,"column":8},"end":{"line":20,"column":8}},{"start":{"line":20,"column":8},"end":{"line":20,"column":8}}]},"2":{"line":21,"type":"if","locations":[{"start":{"line":21,"column":8},"end":{"line":21,"column":8}},{"start":{"line":21,"column":8},"end":{"line":21,"column":8}}]},"3":{"line":97,"type":"if","locations":[{"start":{"line":97,"column":8},"end":{"line":97,"column":8}},{"start":{"line":97,"column":8},"end":{"line":97,"column":8}}]}}}}